2025-05-21 14:50:38.282 | INFO     | utils_logger:<module>:41 - Logging to file: logs\project_log.log
2025-05-21 14:50:38.282 | INFO     | __main__:main:97 - Starting CSV fetch demonstration...
2025-05-21 14:50:38.282 | INFO     | __main__:fetch_csv_file:56 - Fetching CSV data from https://raw.githubusercontent.com/MainakRepositor/Datasets/master/World%20Happiness%20Data/2020.csv...
2025-05-21 14:50:38.358 | INFO     | __main__:write_csv_file:80 - Writing CSV data to example_data\2020_happiness.csv...
2025-05-21 14:50:38.361 | INFO     | __main__:write_csv_file:84 - SUCCESS: CSV data written to example_data\2020_happiness.csv
2025-05-21 14:50:38.361 | INFO     | __main__:fetch_csv_file:60 - SUCCESS: CSV file fetched and saved as 2020_happiness.csv
2025-05-21 15:04:29.897 | INFO     | utils_logger:<module>:41 - Logging to file: logs\project_log.log
2025-05-21 15:04:29.897 | INFO     | __main__:<module>:99 - Starting CSV processing...
2025-05-21 15:04:29.907 | INFO     | __main__:process_csv_file:92 - Processed CSV file: example_data\2020_happiness.csv, Statistics saved to: example_processed\happiness_ladder_score_stats.txt
2025-05-21 15:04:29.907 | INFO     | __main__:<module>:101 - CSV processing complete.
2025-05-21 15:35:45.339 | INFO     | utils_logger:<module>:41 - Logging to file: logs\project_log.log
2025-05-21 15:35:45.340 | INFO     | __main__:main:97 - Starting CSV fetch demonstration...
2025-05-21 15:35:45.340 | INFO     | __main__:fetch_csv_file:56 - Fetching CSV data from https://people.sc.fsu.edu/~jburkardt/data/csv/freshman_lbs.csv...
2025-05-21 15:35:45.654 | INFO     | __main__:write_csv_file:80 - Writing CSV data to example_data\2020_happiness.csv...
2025-05-21 15:35:45.656 | INFO     | __main__:write_csv_file:84 - SUCCESS: CSV data written to example_data\2020_happiness.csv
2025-05-21 15:35:45.656 | INFO     | __main__:fetch_csv_file:60 - SUCCESS: CSV file fetched and saved as 2020_happiness.csv
2025-05-21 15:36:20.711 | INFO     | utils_logger:<module>:41 - Logging to file: logs\project_log.log
2025-05-21 15:36:20.711 | INFO     | __main__:main:97 - Starting CSV fetch demonstration...
2025-05-21 15:36:20.711 | INFO     | __main__:fetch_csv_file:56 - Fetching CSV data from https://raw.githubusercontent.com/MainakRepositor/Datasets/master/World%20Happiness%20Data/2020.csv...
2025-05-21 15:36:21.007 | INFO     | __main__:write_csv_file:80 - Writing CSV data to example_data\2020_happiness.csv...
2025-05-21 15:36:21.014 | INFO     | __main__:write_csv_file:84 - SUCCESS: CSV data written to example_data\2020_happiness.csv
2025-05-21 15:36:21.014 | INFO     | __main__:fetch_csv_file:60 - SUCCESS: CSV file fetched and saved as 2020_happiness.csv
2025-05-21 15:45:23.257 | INFO     | utils_logger:<module>:41 - Logging to file: logs\project_log.log
2025-05-21 15:45:23.257 | INFO     | __main__:main:97 - Starting CSV fetch demonstration...
2025-05-21 15:45:23.257 | INFO     | __main__:fetch_csv_file:56 - Fetching CSV data from https://raw.githubusercontent.com/MainakRepositor/Datasets/master/World%20Happiness%20Data/2020.csv...
2025-05-21 15:45:23.429 | INFO     | __main__:write_csv_file:80 - Writing CSV data to example_data\2020_happiness.csv...
2025-05-21 15:45:23.435 | INFO     | __main__:write_csv_file:84 - SUCCESS: CSV data written to example_data\2020_happiness.csv
2025-05-21 15:45:23.436 | INFO     | __main__:fetch_csv_file:60 - SUCCESS: CSV file fetched and saved as 2020_happiness.csv
2025-05-21 15:45:49.875 | INFO     | utils_logger:<module>:41 - Logging to file: logs\project_log.log
2025-05-21 15:45:49.876 | INFO     | __main__:main:97 - Starting CSV fetch demonstration...
2025-05-21 15:45:49.876 | INFO     | __main__:fetch_csv_file:56 - Fetching CSV data from https://www.kaggle.com/datasets/orvile/health-and-sleep-relation-2024...
2025-05-21 15:45:50.094 | INFO     | __main__:write_csv_file:80 - Writing CSV data to project_data\2020_happiness.csv...
2025-05-21 15:45:50.098 | INFO     | __main__:write_csv_file:84 - SUCCESS: CSV data written to project_data\2020_happiness.csv
2025-05-21 15:45:50.098 | INFO     | __main__:fetch_csv_file:60 - SUCCESS: CSV file fetched and saved as 2020_happiness.csv
2025-05-21 15:53:04.726 | INFO     | utils_logger:<module>:41 - Logging to file: logs\project_log.log
2025-05-21 15:53:04.726 | INFO     | __main__:main:97 - Starting CSV fetch demonstration...
2025-05-21 15:53:04.726 | INFO     | __main__:fetch_csv_file:56 - Fetching CSV data from https://people.sc.fsu.edu/~jburkardt/data/csv/freshman_lbs.csv...
2025-05-21 15:53:04.955 | INFO     | __main__:write_csv_file:80 - Writing CSV data to project_data\2020_happiness.csv...
2025-05-21 15:53:04.959 | INFO     | __main__:write_csv_file:84 - SUCCESS: CSV data written to project_data\2020_happiness.csv
2025-05-21 15:53:04.959 | INFO     | __main__:fetch_csv_file:60 - SUCCESS: CSV file fetched and saved as 2020_happiness.csv
2025-05-21 15:54:41.762 | INFO     | utils_logger:<module>:41 - Logging to file: logs\project_log.log
2025-05-21 15:54:41.762 | INFO     | __main__:main:97 - Starting CSV fetch demonstration...
2025-05-21 15:54:41.763 | INFO     | __main__:fetch_csv_file:56 - Fetching CSV data from https://people.sc.fsu.edu/~jburkardt/data/csv/freshman_lbs.csv...
2025-05-21 15:54:41.937 | INFO     | __main__:write_csv_file:80 - Writing CSV data to project_data\freshman_lbs.csv...
2025-05-21 15:54:41.941 | INFO     | __main__:write_csv_file:84 - SUCCESS: CSV data written to project_data\freshman_lbs.csv
2025-05-21 15:54:41.942 | INFO     | __main__:fetch_csv_file:60 - SUCCESS: CSV file fetched and saved as freshman_lbs.csv
2025-05-21 16:00:51.701 | INFO     | utils_logger:<module>:41 - Logging to file: logs\project_log.log
2025-05-21 16:00:51.701 | INFO     | __main__:main:97 - Starting CSV fetch demonstration...
2025-05-21 16:00:51.702 | INFO     | __main__:fetch_csv_file:56 - Fetching CSV data from https://www.kaggle.com/datasets/jayaantanaath/student-habits-vs-academic-performance/student_habits_performance.csv...
2025-05-21 16:00:51.851 | ERROR    | __main__:fetch_csv_file:62 - HTTP error occurred: 404 Client Error: Not Found for url: https://www.kaggle.com/datasets/jayaantanaath/student-habits-vs-academic-performance/student_habits_performance.csv
2025-05-21 16:02:42.688 | INFO     | utils_logger:<module>:41 - Logging to file: logs\project_log.log
2025-05-21 16:02:42.688 | INFO     | __main__:main:97 - Starting CSV fetch demonstration...
2025-05-21 16:02:42.688 | INFO     | __main__:fetch_csv_file:56 - Fetching CSV data from https://people.sc.fsu.edu/~jburkardt/data/csv/freshman_lbs.csv...
2025-05-21 16:02:43.137 | INFO     | __main__:write_csv_file:80 - Writing CSV data to project_data\freshman_lbs.csv...
2025-05-21 16:02:43.141 | INFO     | __main__:write_csv_file:84 - SUCCESS: CSV data written to project_data\freshman_lbs.csv
2025-05-21 16:02:43.142 | INFO     | __main__:fetch_csv_file:60 - SUCCESS: CSV file fetched and saved as freshman_lbs.csv
2025-05-23 10:17:05.752 | INFO     | utils_logger:<module>:41 - Logging to file: logs\project_log.log
2025-05-23 10:17:05.752 | INFO     | __main__:main:97 - Starting CSV fetch demonstration...
2025-05-23 10:17:05.753 | INFO     | __main__:fetch_csv_file:56 - Fetching CSV data from https://raw.githubusercontent.com/MainakRepositor/Datasets/master/World%20Happiness%20Data/2020.csv...
2025-05-23 10:17:06.123 | INFO     | __main__:write_csv_file:80 - Writing CSV data to project_data\2020_happiness.csv...
2025-05-23 10:17:06.127 | INFO     | __main__:write_csv_file:84 - SUCCESS: CSV data written to project_data\2020_happiness.csv
2025-05-23 10:17:06.127 | INFO     | __main__:fetch_csv_file:60 - SUCCESS: CSV file fetched and saved as 2020_happiness.csv
2025-05-23 10:20:34.433 | INFO     | utils_logger:<module>:41 - Logging to file: logs\project_log.log
2025-05-23 10:20:34.434 | INFO     | __main__:<module>:98 - Starting CSV processing...
2025-05-23 10:20:34.439 | INFO     | __main__:process_csv_file:91 - Processed CSV file: project_data\2020_happiness.csv, Statistics saved to: project_processed\happiness_ladder_score_stats.txt
2025-05-23 10:20:34.439 | INFO     | __main__:<module>:100 - CSV processing complete.
2025-05-23 10:28:42.548 | INFO     | utils_logger:<module>:41 - Logging to file: logs\project_log.log
2025-05-23 10:28:42.548 | INFO     | __main__:<module>:98 - Starting CSV processing...
2025-05-23 10:28:42.551 | INFO     | __main__:process_csv_file:91 - Processed CSV file: project_data\2020_happiness.csv, Statistics saved to: project_processed\happiness_healthy_life_expectancy_stats.txt
2025-05-23 10:28:42.552 | INFO     | __main__:<module>:100 - CSV processing complete.
2025-05-23 10:29:59.926 | INFO     | utils_logger:<module>:41 - Logging to file: logs\project_log.log
2025-05-23 10:29:59.927 | INFO     | __main__:<module>:98 - Starting CSV processing...
2025-05-23 10:29:59.930 | INFO     | __main__:process_csv_file:91 - Processed CSV file: project_data\2020_happiness.csv, Statistics saved to: project_processed\happiness_healthy_life_expectancy_stats.txt
2025-05-23 10:29:59.931 | INFO     | __main__:<module>:100 - CSV processing complete.
2025-05-23 10:30:25.820 | INFO     | utils_logger:<module>:41 - Logging to file: logs\project_log.log
2025-05-23 10:30:25.820 | INFO     | __main__:<module>:98 - Starting CSV processing...
2025-05-23 10:30:25.823 | INFO     | __main__:process_csv_file:91 - Processed CSV file: project_data\2020_happiness.csv, Statistics saved to: project_processed\happiness_healthy_life_expectancy_stats.txt
2025-05-23 10:30:25.823 | INFO     | __main__:<module>:100 - CSV processing complete.
2025-05-23 10:36:42.035 | INFO     | utils_logger:<module>:41 - Logging to file: logs\project_log.log
2025-05-23 10:36:42.036 | INFO     | __main__:<module>:105 - Starting CSV processing...
2025-05-23 10:36:42.045 | INFO     | __main__:process_csv_file:98 - Processed CSV file: project_data\2020_happiness.csv, Statistics saved to: project_processed\happiness_healthy_life_expectancy_stats.txt
2025-05-23 10:36:42.045 | INFO     | __main__:<module>:107 - CSV processing complete.
